# JRE version: OpenJDK Runtime Environment (8.0_112-b06) (build 1.8.0_112-release-b06)
# Java VM: OpenJDK 64-Bit Server VM (25.112-b06 mixed mode windows-amd64 compressed oops)
Heap:
 PSYoungGen      total 228864K, used 195480K [0x00000000e0000000, 0x00000000f3a80000, 0x0000000100000000)
  eden space 201728K, 83% used [0x00000000e0000000,0x00000000ea46ac90,0x00000000ec500000)
  from space 27136K, 99% used [0x00000000ec500000,0x00000000edf7b488,0x00000000edf80000)
  to   space 40448K, 0% used [0x00000000f1300000,0x00000000f1300000,0x00000000f3a80000)
 ParOldGen       total 144896K, used 69442K [0x00000000a0000000, 0x00000000a8d80000, 0x00000000e0000000)
  object space 144896K, 47% used [0x00000000a0000000,0x00000000a43d08a0,0x00000000a8d80000)
 Metaspace       used 72159K, capacity 75130K, committed 75224K, reserved 1114112K
  class space    used 9487K, capacity 10120K, committed 10200K, reserved 1048576K
GC Heap History (10 events):
Event: 23.289 GC heap before
{Heap before GC invocations=16 (full 2):
 PSYoungGen      total 125952K, used 125939K [0x00000000e0000000, 0x00000000ec000000, 0x0000000100000000)
  eden space 111104K, 100% used [0x00000000e0000000,0x00000000e6c80000,0x00000000e6c80000)
  from space 14848K, 99% used [0x00000000e6c80000,0x00000000e7afcc90,0x00000000e7b00000)
  to   space 20992K, 0% used [0x00000000eab80000,0x00000000eab80000,0x00000000ec000000)
 ParOldGen       total 94720K, used 30131K [0x00000000a0000000, 0x00000000a5c80000, 0x00000000e0000000)
  object space 94720K, 31% used [0x00000000a0000000,0x00000000a1d6ce78,0x00000000a5c80000)
 Metaspace       used 55306K, capacity 57626K, committed 57688K, reserved 1099776K
  class space    used 7488K, capacity 8004K, committed 8024K, reserved 1048576K
Event: 23.310 GC heap after
Heap after GC invocations=16 (full 2):
 PSYoungGen      total 171520K, used 20963K [0x00000000e0000000, 0x00000000ec500000, 0x0000000100000000)
  eden space 150528K, 0% used [0x00000000e0000000,0x00000000e0000000,0x00000000e9300000)
  from space 20992K, 99% used [0x00000000eab80000,0x00000000ebff8f70,0x00000000ec000000)
  to   space 25088K, 0% used [0x00000000e9300000,0x00000000e9300000,0x00000000eab80000)
 ParOldGen       total 94720K, used 32763K [0x00000000a0000000, 0x00000000a5c80000, 0x00000000e0000000)
  object space 94720K, 34% used [0x00000000a0000000,0x00000000a1ffef60,0x00000000a5c80000)
 Metaspace       used 55306K, capacity 57626K, committed 57688K, reserved 1099776K
  class space    used 7488K, capacity 8004K, committed 8024K, reserved 1048576K
}
Event: 24.154 GC heap before
{Heap before GC invocations=17 (full 2):
 PSYoungGen      total 171520K, used 52418K [0x00000000e0000000, 0x00000000ec500000, 0x0000000100000000)
  eden space 150528K, 20% used [0x00000000e0000000,0x00000000e1eb7b00,0x00000000e9300000)
  from space 20992K, 99% used [0x00000000eab80000,0x00000000ebff8f70,0x00000000ec000000)
  to   space 25088K, 0% used [0x00000000e9300000,0x00000000e9300000,0x00000000eab80000)
 ParOldGen       total 94720K, used 32763K [0x00000000a0000000, 0x00000000a5c80000, 0x00000000e0000000)
  object space 94720K, 34% used [0x00000000a0000000,0x00000000a1ffef60,0x00000000a5c80000)
 Metaspace       used 56546K, capacity 58916K, committed 59028K, reserved 1099776K
  class space    used 7651K, capacity 8131K, committed 8152K, reserved 1048576K
Event: 24.185 GC heap after
Heap after GC invocations=17 (full 2):
 PSYoungGen      total 175616K, used 24163K [0x00000000e0000000, 0x00000000f0800000, 0x0000000100000000)
  eden space 150528K, 0% used [0x00000000e0000000,0x00000000e0000000,0x00000000e9300000)
  from space 25088K, 96% used [0x00000000e9300000,0x00000000eaa98f90,0x00000000eab80000)
  to   space 28160K, 0% used [0x00000000eec80000,0x00000000eec80000,0x00000000f0800000)
 ParOldGen       total 94720K, used 32771K [0x00000000a0000000, 0x00000000a5c80000, 0x00000000e0000000)
  object space 94720K, 34% used [0x00000000a0000000,0x00000000a2000f60,0x00000000a5c80000)
 Metaspace       used 56546K, capacity 58916K, committed 59028K, reserved 1099776K
  class space    used 7651K, capacity 8131K, committed 8152K, reserved 1048576K
}
Event: 24.185 GC heap before
{Heap before GC invocations=18 (full 3):
 PSYoungGen      total 175616K, used 24163K [0x00000000e0000000, 0x00000000f0800000, 0x0000000100000000)
  eden space 150528K, 0% used [0x00000000e0000000,0x00000000e0000000,0x00000000e9300000)
  from space 25088K, 96% used [0x00000000e9300000,0x00000000eaa98f90,0x00000000eab80000)
  to   space 28160K, 0% used [0x00000000eec80000,0x00000000eec80000,0x00000000f0800000)
 ParOldGen       total 94720K, used 32771K [0x00000000a0000000, 0x00000000a5c80000, 0x00000000e0000000)
  object space 94720K, 34% used [0x00000000a0000000,0x00000000a2000f60,0x00000000a5c80000)
 Metaspace       used 56546K, capacity 58916K, committed 59028K, reserved 1099776K
  class space    used 7651K, capacity 8131K, committed 8152K, reserved 1048576K
Event: 24.376 GC heap after
Heap after GC invocations=18 (full 3):
 PSYoungGen      total 175616K, used 0K [0x00000000e0000000, 0x00000000f0800000, 0x0000000100000000)
  eden space 150528K, 0% used [0x00000000e0000000,0x00000000e0000000,0x00000000e9300000)
  from space 25088K, 0% used [0x00000000e9300000,0x00000000e9300000,0x00000000eab80000)
  to   space 28160K, 0% used [0x00000000eec80000,0x00000000eec80000,0x00000000f0800000)
 ParOldGen       total 144896K, used 44057K [0x00000000a0000000, 0x00000000a8d80000, 0x00000000e0000000)
  object space 144896K, 30% used [0x00000000a0000000,0x00000000a2b06718,0x00000000a8d80000)
 Metaspace       used 56546K, capacity 58916K, committed 59028K, reserved 1099776K
  class space    used 7651K, capacity 8131K, committed 8152K, reserved 1048576K
}
Event: 99.947 GC heap before
{Heap before GC invocations=19 (full 3):
 PSYoungGen      total 175616K, used 150528K [0x00000000e0000000, 0x00000000f0800000, 0x0000000100000000)
  eden space 150528K, 100% used [0x00000000e0000000,0x00000000e9300000,0x00000000e9300000)
  from space 25088K, 0% used [0x00000000e9300000,0x00000000e9300000,0x00000000eab80000)
  to   space 28160K, 0% used [0x00000000eec80000,0x00000000eec80000,0x00000000f0800000)
 ParOldGen       total 144896K, used 44057K [0x00000000a0000000, 0x00000000a8d80000, 0x00000000e0000000)
  object space 144896K, 30% used [0x00000000a0000000,0x00000000a2b06718,0x00000000a8d80000)
 Metaspace       used 58117K, capacity 60700K, committed 60888K, reserved 1101824K
  class space    used 7806K, capacity 8347K, committed 8408K, reserved 1048576K
Event: 99.959 GC heap after
Heap after GC invocations=19 (full 3):
 PSYoungGen      total 214528K, used 13702K [0x00000000e0000000, 0x00000000efa00000, 0x0000000100000000)
  eden space 200704K, 0% used [0x00000000e0000000,0x00000000e0000000,0x00000000ec400000)
  from space 13824K, 99% used [0x00000000eec80000,0x00000000ef9e1b80,0x00000000efa00000)
  to   space 27136K, 0% used [0x00000000ec500000,0x00000000ec500000,0x00000000edf80000)
 ParOldGen       total 144896K, used 44065K [0x00000000a0000000, 0x00000000a8d80000, 0x00000000e0000000)
  object space 144896K, 30% used [0x00000000a0000000,0x00000000a2b08718,0x00000000a8d80000)
 Metaspace       used 58117K, capacity 60700K, committed 60888K, reserved 1101824K
  class space    used 7806K, capacity 8347K, committed 8408K, reserved 1048576K
}
Event: 112.901 GC heap before
{Heap before GC invocations=20 (full 3):
 PSYoungGen      total 214528K, used 214406K [0x00000000e0000000, 0x00000000efa00000, 0x0000000100000000)
  eden space 200704K, 100% used [0x00000000e0000000,0x00000000ec400000,0x00000000ec400000)
  from space 13824K, 99% used [0x00000000eec80000,0x00000000ef9e1b80,0x00000000efa00000)
  to   space 27136K, 0% used [0x00000000ec500000,0x00000000ec500000,0x00000000edf80000)
 ParOldGen       total 144896K, used 44065K [0x00000000a0000000, 0x00000000a8d80000, 0x00000000e0000000)
  object space 144896K, 30% used [0x00000000a0000000,0x00000000a2b08718,0x00000000a8d80000)
 Metaspace       used 67326K, capacity 70150K, committed 70232K, reserved 1110016K
  class space    used 8932K, capacity 9550K, committed 9560K, reserved 1048576K
Event: 112.949 GC heap after
Heap after GC invocations=20 (full 3):
 PSYoungGen      total 228864K, used 27117K [0x00000000e0000000, 0x00000000f3a80000, 0x0000000100000000)
  eden space 201728K, 0% used [0x00000000e0000000,0x00000000e0000000,0x00000000ec500000)
  from space 27136K, 99% used [0x00000000ec500000,0x00000000edf7b488,0x00000000edf80000)
  to   space 40448K, 0% used [0x00000000f1300000,0x00000000f1300000,0x00000000f3a80000)
 ParOldGen       total 144896K, used 69442K [0x00000000a0000000, 0x00000000a8d80000, 0x00000000e0000000)
  object space 144896K, 47% used [0x00000000a0000000,0x00000000a43d08a0,0x00000000a8d80000)
 Metaspace       used 67326K, capacity 70150K, committed 70232K, reserved 1110016K
  class space    used 8932K, capacity 9550K, committed 9560K, reserved 1048576K
}

