# JRE version: OpenJDK Runtime Environment (8.0_112-b06) (build 1.8.0_112-release-b06)
# Java VM: OpenJDK 64-Bit Server VM (25.112-b06 mixed mode windows-amd64 compressed oops)
Heap:
 PSYoungGen      total 197632K, used 48739K [0x00000000e0000000, 0x00000000ee380000, 0x0000000100000000)
  eden space 176640K, 24% used [0x00000000e0000000,0x00000000e2a23318,0x00000000eac80000)
  from space 20992K, 26% used [0x00000000ecf00000,0x00000000ed475bb0,0x00000000ee380000)
  to   space 28160K, 0% used [0x00000000eac80000,0x00000000eac80000,0x00000000ec800000)
 ParOldGen       total 155648K, used 47638K [0x00000000a0000000, 0x00000000a9800000, 0x00000000e0000000)
  object space 155648K, 30% used [0x00000000a0000000,0x00000000a2e85828,0x00000000a9800000)
 Metaspace       used 58744K, capacity 61414K, committed 61528K, reserved 1101824K
  class space    used 7915K, capacity 8466K, committed 8536K, reserved 1048576K
GC Heap History (10 events):
Event: 10.289 GC heap before
{Heap before GC invocations=15 (full 2):
 PSYoungGen      total 122880K, used 122867K [0x00000000e0000000, 0x00000000e8b80000, 0x0000000100000000)
  eden space 110080K, 100% used [0x00000000e0000000,0x00000000e6b80000,0x00000000e6b80000)
  from space 12800K, 99% used [0x00000000e7a80000,0x00000000e86fcc90,0x00000000e8700000)
  to   space 15360K, 0% used [0x00000000e6b80000,0x00000000e6b80000,0x00000000e7a80000)
 ParOldGen       total 97792K, used 19602K [0x00000000a0000000, 0x00000000a5f80000, 0x00000000e0000000)
  object space 97792K, 20% used [0x00000000a0000000,0x00000000a1324b40,0x00000000a5f80000)
 Metaspace       used 51854K, capacity 53664K, committed 53976K, reserved 1095680K
  class space    used 7144K, capacity 7561K, committed 7640K, reserved 1048576K
Event: 10.313 GC heap after
Heap after GC invocations=15 (full 2):
 PSYoungGen      total 125440K, used 15343K [0x00000000e0000000, 0x00000000eb400000, 0x0000000100000000)
  eden space 110080K, 0% used [0x00000000e0000000,0x00000000e0000000,0x00000000e6b80000)
  from space 15360K, 99% used [0x00000000e6b80000,0x00000000e7a7bfe0,0x00000000e7a80000)
  to   space 21504K, 0% used [0x00000000e9f00000,0x00000000e9f00000,0x00000000eb400000)
 ParOldGen       total 97792K, used 30869K [0x00000000a0000000, 0x00000000a5f80000, 0x00000000e0000000)
  object space 97792K, 31% used [0x00000000a0000000,0x00000000a1e25490,0x00000000a5f80000)
 Metaspace       used 51854K, capacity 53664K, committed 53976K, reserved 1095680K
  class space    used 7144K, capacity 7561K, committed 7640K, reserved 1048576K
}
Event: 16.308 GC heap before
{Heap before GC invocations=16 (full 2):
 PSYoungGen      total 125440K, used 125423K [0x00000000e0000000, 0x00000000eb400000, 0x0000000100000000)
  eden space 110080K, 100% used [0x00000000e0000000,0x00000000e6b80000,0x00000000e6b80000)
  from space 15360K, 99% used [0x00000000e6b80000,0x00000000e7a7bfe0,0x00000000e7a80000)
  to   space 21504K, 0% used [0x00000000e9f00000,0x00000000e9f00000,0x00000000eb400000)
 ParOldGen       total 97792K, used 30869K [0x00000000a0000000, 0x00000000a5f80000, 0x00000000e0000000)
  object space 97792K, 31% used [0x00000000a0000000,0x00000000a1e25490,0x00000000a5f80000)
 Metaspace       used 55319K, capacity 57610K, committed 57688K, reserved 1099776K
  class space    used 7483K, capacity 7974K, committed 8024K, reserved 1048576K
Event: 16.327 GC heap after
Heap after GC invocations=16 (full 2):
 PSYoungGen      total 159232K, used 21488K [0x00000000e0000000, 0x00000000eb780000, 0x0000000100000000)
  eden space 137728K, 0% used [0x00000000e0000000,0x00000000e0000000,0x00000000e8680000)
  from space 21504K, 99% used [0x00000000e9f00000,0x00000000eb3fc2b0,0x00000000eb400000)
  to   space 25088K, 0% used [0x00000000e8680000,0x00000000e8680000,0x00000000e9f00000)
 ParOldGen       total 97792K, used 32526K [0x00000000a0000000, 0x00000000a5f80000, 0x00000000e0000000)
  object space 97792K, 33% used [0x00000000a0000000,0x00000000a1fc3bf8,0x00000000a5f80000)
 Metaspace       used 55319K, capacity 57610K, committed 57688K, reserved 1099776K
  class space    used 7483K, capacity 7974K, committed 8024K, reserved 1048576K
}
Event: 16.713 GC heap before
{Heap before GC invocations=17 (full 2):
 PSYoungGen      total 159232K, used 42296K [0x00000000e0000000, 0x00000000eb780000, 0x0000000100000000)
  eden space 137728K, 15% used [0x00000000e0000000,0x00000000e1451e88,0x00000000e8680000)
  from space 21504K, 99% used [0x00000000e9f00000,0x00000000eb3fc2b0,0x00000000eb400000)
  to   space 25088K, 0% used [0x00000000e8680000,0x00000000e8680000,0x00000000e9f00000)
 ParOldGen       total 97792K, used 32526K [0x00000000a0000000, 0x00000000a5f80000, 0x00000000e0000000)
  object space 97792K, 33% used [0x00000000a0000000,0x00000000a1fc3bf8,0x00000000a5f80000)
 Metaspace       used 56483K, capacity 58852K, committed 58968K, reserved 1099776K
  class space    used 7649K, capacity 8195K, committed 8280K, reserved 1048576K
Event: 16.732 GC heap after
Heap after GC invocations=17 (full 2):
 PSYoungGen      total 162816K, used 24000K [0x00000000e0000000, 0x00000000eeb00000, 0x0000000100000000)
  eden space 137728K, 0% used [0x00000000e0000000,0x00000000e0000000,0x00000000e8680000)
  from space 25088K, 95% used [0x00000000e8680000,0x00000000e9df0300,0x00000000e9f00000)
  to   space 28672K, 0% used [0x00000000ecf00000,0x00000000ecf00000,0x00000000eeb00000)
 ParOldGen       total 97792K, used 32534K [0x00000000a0000000, 0x00000000a5f80000, 0x00000000e0000000)
  object space 97792K, 33% used [0x00000000a0000000,0x00000000a1fc5bf8,0x00000000a5f80000)
 Metaspace       used 56483K, capacity 58852K, committed 58968K, reserved 1099776K
  class space    used 7649K, capacity 8195K, committed 8280K, reserved 1048576K
}
Event: 16.732 GC heap before
{Heap before GC invocations=18 (full 3):
 PSYoungGen      total 162816K, used 24000K [0x00000000e0000000, 0x00000000eeb00000, 0x0000000100000000)
  eden space 137728K, 0% used [0x00000000e0000000,0x00000000e0000000,0x00000000e8680000)
  from space 25088K, 95% used [0x00000000e8680000,0x00000000e9df0300,0x00000000e9f00000)
  to   space 28672K, 0% used [0x00000000ecf00000,0x00000000ecf00000,0x00000000eeb00000)
 ParOldGen       total 97792K, used 32534K [0x00000000a0000000, 0x00000000a5f80000, 0x00000000e0000000)
  object space 97792K, 33% used [0x00000000a0000000,0x00000000a1fc5bf8,0x00000000a5f80000)
 Metaspace       used 56483K, capacity 58852K, committed 58968K, reserved 1099776K
  class space    used 7649K, capacity 8195K, committed 8280K, reserved 1048576K
Event: 16.932 GC heap after
Heap after GC invocations=18 (full 3):
 PSYoungGen      total 162816K, used 0K [0x00000000e0000000, 0x00000000eeb00000, 0x0000000100000000)
  eden space 137728K, 0% used [0x00000000e0000000,0x00000000e0000000,0x00000000e8680000)
  from space 25088K, 0% used [0x00000000e8680000,0x00000000e8680000,0x00000000e9f00000)
  to   space 28672K, 0% used [0x00000000ecf00000,0x00000000ecf00000,0x00000000eeb00000)
 ParOldGen       total 155648K, used 47630K [0x00000000a0000000, 0x00000000a9800000, 0x00000000e0000000)
  object space 155648K, 30% used [0x00000000a0000000,0x00000000a2e83828,0x00000000a9800000)
 Metaspace       used 56483K, capacity 58852K, committed 58968K, reserved 1099776K
  class space    used 7649K, capacity 8195K, committed 8280K, reserved 1048576K
}
Event: 214.817 GC heap before
{Heap before GC invocations=19 (full 3):
 PSYoungGen      total 162816K, used 137728K [0x00000000e0000000, 0x00000000eeb00000, 0x0000000100000000)
  eden space 137728K, 100% used [0x00000000e0000000,0x00000000e8680000,0x00000000e8680000)
  from space 25088K, 0% used [0x00000000e8680000,0x00000000e8680000,0x00000000e9f00000)
  to   space 28672K, 0% used [0x00000000ecf00000,0x00000000ecf00000,0x00000000eeb00000)
 ParOldGen       total 155648K, used 47630K [0x00000000a0000000, 0x00000000a9800000, 0x00000000e0000000)
  object space 155648K, 30% used [0x00000000a0000000,0x00000000a2e83828,0x00000000a9800000)
 Metaspace       used 58122K, capacity 60584K, committed 60888K, reserved 1101824K
  class space    used 7832K, capacity 8327K, committed 8408K, reserved 1048576K
Event: 214.824 GC heap after
Heap after GC invocations=19 (full 3):
 PSYoungGen      total 197632K, used 5590K [0x00000000e0000000, 0x00000000ee380000, 0x0000000100000000)
  eden space 176640K, 0% used [0x00000000e0000000,0x00000000e0000000,0x00000000eac80000)
  from space 20992K, 26% used [0x00000000ecf00000,0x00000000ed475bb0,0x00000000ee380000)
  to   space 28160K, 0% used [0x00000000eac80000,0x00000000eac80000,0x00000000ec800000)
 ParOldGen       total 155648K, used 47638K [0x00000000a0000000, 0x00000000a9800000, 0x00000000e0000000)
  object space 155648K, 30% used [0x00000000a0000000,0x00000000a2e85828,0x00000000a9800000)
 Metaspace       used 58122K, capacity 60584K, committed 60888K, reserved 1101824K
  class space    used 7832K, capacity 8327K, committed 8408K, reserved 1048576K
}

